<?xml version="1.0" encoding="UTF-8"?>
<!-- Generated by org.testng.reporters.JUnitXMLReporter -->
<testsuite hostname="Kallol" name="Default test" tests="3" failures="0" timestamp="2 Nov 2014 15:52:46 GMT" time="90.58" errors="0">
  <testcase name="Ranker_logo" time="14.901" classname="com.testsuite.navbar.NavBarTest"/>
  <testcase name="New_hoverandclick" time="8.792" classname="com.testsuite.navbar.NavBarTest"/>
  <testcase name="People_hover" time="7.517" classname="com.testsuite.navbar.NavBarTest"/>
</testsuite> <!-- Default test -->
