<?xml version="1.0" encoding="UTF-8"?>
<testng-results skipped="0" failed="0" total="3" passed="3">
  <reporter-output>
    <line>
      <![CDATA[<br>]]>
    </line>
    <line>
      <![CDATA[<a class="cbutton" href="..\Log.log">Click to Open Log File</a>]]>
    </line>
  </reporter-output>
  <suite name="Default suite" duration-ms="90580" started-at="2014-11-02T15:51:15Z" finished-at="2014-11-02T15:52:46Z">
    <groups>
    </groups>
    <test name="Default test" duration-ms="90580" started-at="2014-11-02T15:51:15Z" finished-at="2014-11-02T15:52:46Z">
      <class name="com.testsuite.navbar.NavBarTest">
        <test-method status="PASS" signature="beforeSuite()[pri:0, instance:com.testsuite.navbar.NavBarTest@13b7e20]" name="beforeSuite" is-config="true" duration-ms="22" started-at="2014-11-02T21:21:15Z" finished-at="2014-11-02T21:21:15Z">
          <reporter-output>
          </reporter-output>
        </test-method> <!-- beforeSuite -->
        <test-method status="PASS" signature="initializeBaseSetup(java.lang.String, org.testng.ITestContext)[pri:0, instance:com.testsuite.navbar.NavBarTest@13b7e20]" name="initializeBaseSetup" is-config="true" duration-ms="42223" started-at="2014-11-02T21:21:15Z" finished-at="2014-11-02T21:21:57Z">
          <params>
            <param index="0">
              <value is-null="true"/>
            </param>
            <param index="1">
              <value>
                <![CDATA[org.testng.TestRunner@17e044c]]>
              </value>
            </param>
          </params>
          <reporter-output>
          </reporter-output>
        </test-method> <!-- initializeBaseSetup -->
        <test-method status="PASS" signature="classSetUp()[pri:0, instance:com.testsuite.navbar.NavBarTest@13b7e20]" name="classSetUp" is-config="true" duration-ms="15314" started-at="2014-11-02T21:21:57Z" finished-at="2014-11-02T21:22:13Z">
          <reporter-output>
          </reporter-output>
        </test-method> <!-- classSetUp -->
        <test-method status="PASS" signature="Ranker_logo()[pri:0, instance:com.testsuite.navbar.NavBarTest@13b7e20]" name="Ranker_logo" duration-ms="14901" started-at="2014-11-02T21:22:13Z" finished-at="2014-11-02T21:22:28Z">
          <reporter-output>
          </reporter-output>
        </test-method> <!-- Ranker_logo -->
        <test-method status="PASS" signature="New_hoverandclick()[pri:0, instance:com.testsuite.navbar.NavBarTest@13b7e20]" name="New_hoverandclick" duration-ms="8792" started-at="2014-11-02T21:22:28Z" finished-at="2014-11-02T21:22:36Z">
          <reporter-output>
          </reporter-output>
        </test-method> <!-- New_hoverandclick -->
        <test-method status="PASS" signature="People_hover()[pri:0, instance:com.testsuite.navbar.NavBarTest@13b7e20]" name="People_hover" duration-ms="7517" started-at="2014-11-02T21:22:36Z" finished-at="2014-11-02T21:22:44Z">
          <reporter-output>
          </reporter-output>
        </test-method> <!-- People_hover -->
        <test-method status="PASS" signature="CloseBrowser()[pri:0, instance:com.testsuite.navbar.NavBarTest@13b7e20]" name="CloseBrowser" is-config="true" duration-ms="1821" started-at="2014-11-02T21:22:44Z" finished-at="2014-11-02T21:22:46Z">
          <reporter-output>
          </reporter-output>
        </test-method> <!-- CloseBrowser -->
        <test-method status="PASS" signature="AddLogFileToReport()[pri:0, instance:com.testsuite.navbar.NavBarTest@13b7e20]" name="AddLogFileToReport" is-config="true" duration-ms="1" started-at="2014-11-02T21:22:46Z" finished-at="2014-11-02T21:22:46Z">
          <reporter-output>
            <line>
              <![CDATA[<br>]]>
            </line>
            <line>
              <![CDATA[<a class="cbutton" href="..\Log.log">Click to Open Log File</a>]]>
            </line>
          </reporter-output>
        </test-method> <!-- AddLogFileToReport -->
      </class> <!-- com.testsuite.navbar.NavBarTest -->
    </test> <!-- Default test -->
  </suite> <!-- Default suite -->
</testng-results>
